 PROGRAM  HISEA.......EXECUTION DATE: Wed Aug 13 13:02:35 2025

 Test Control File for HISEA                                                     


 FUNCTION OF THIS RUN IS.........ANALYSIS  
 #STOCKS IN THE MODEL............ 2
 THE STOCKS ARE..................East     West    
 #VARIABLES USED................. 2


 ===============================================================================


                         MEAN AND STD DEV SUMMARY OF VARIABLES

 VAR       East           West    

  1         20.870         27.860    
            (4.41)         (5.42)   

  2         21.020         27.470    
            (4.62)         (5.15)   

 ===============================================================================




 THE SIZES OF THE STANDARDS ARE    100   100

 THE MIXED SAMPLE HAS   100 FISH


 TABLE OF COMPOSITION ESTIMATES


             RAW      COOK & LORD      COOK        MILLAR      MAXIMUM
                                  CONSTRAINED  CONSTRAINED  LIKELIHOOD


 East      0.8800       1.0145       1.0000       1.0000       1.0000
 West      0.1200      -0.0145       0.0000       0.0000       0.0000
