 PROGRAM  HISEA.......EXECUTION DATE: Mon Aug 18 23:48:18 2025

 Test Control File for HISEA                                                     


 FUNCTION OF THIS RUN IS.........ANALYSIS  
 #STOCKS IN THE MODEL............ 2
 THE STOCKS ARE..................East     West    
 #VARIABLES USED................. 2


 ===============================================================================


                         MEAN AND STD DEV SUMMARY OF VARIABLES

 VAR       East           West    

  1         23.780         35.680    
            (4.66)         (6.19)   

  2         23.590         35.340    
            (5.06)         (6.01)   

 ===============================================================================




 THE SIZES OF THE STANDARDS ARE    100   100

 THE MIXED SAMPLE HAS   100 FISH


 TABLE OF COMPOSITION ESTIMATES


             RAW      COOK & LORD      COOK        MILLAR      MAXIMUM
                                  CONSTRAINED  CONSTRAINED  LIKELIHOOD


 East      0.7700       0.8000       0.8000       0.8000       0.7908
 West      0.2300       0.2000       0.2000       0.2000       0.2092
