 PROGRAM  HISEA.......EXECUTION DATE: Wed Aug 13 12:54:17 2025

 Test Control File for HISEA                                                     


 FUNCTION OF THIS RUN IS.........ANALYSIS  
 #STOCKS IN THE MODEL............ 2
 THE STOCKS ARE..................East     West    
 #VARIABLES USED................. 2


 ===============================================================================


                         MEAN AND STD DEV SUMMARY OF VARIABLES

 VAR       East           West    

  1         19.880         34.500    
            (4.65)         (5.93)   

  2         19.180         33.810    
            (4.68)         (5.97)   

 ===============================================================================




 THE SIZES OF THE STANDARDS ARE    100   100

 THE MIXED SAMPLE HAS   100 FISH


 TABLE OF COMPOSITION ESTIMATES


             RAW      COOK & LORD      COOK        MILLAR      MAXIMUM
                                  CONSTRAINED  CONSTRAINED  LIKELIHOOD


 East      0.2100       0.1771       0.1771       0.1771       0.2043
 West      0.7900       0.8229       0.8229       0.8229       0.7957
