 PROGRAM  HISEA.......EXECUTION DATE: Mon Aug 18 20:04:46 2025

 Test Control File for HISEA                                                     


 FUNCTION OF THIS RUN IS.........ANALYSIS  
 #STOCKS IN THE MODEL............ 2
 THE STOCKS ARE..................East     West    
 #VARIABLES USED................. 2


 ===============================================================================


                         MEAN AND STD DEV SUMMARY OF VARIABLES

 VAR       East           West    

  1         16.590         22.180    
            (3.81)         (5.49)   

  2         16.010         21.050    
            (3.57)         (4.63)   

 ===============================================================================




 THE SIZES OF THE STANDARDS ARE    100   100

 THE MIXED SAMPLE HAS   100 FISH


 TABLE OF COMPOSITION ESTIMATES


             RAW      COOK & LORD      COOK        MILLAR      MAXIMUM
                                  CONSTRAINED  CONSTRAINED  LIKELIHOOD


 East      0.6700       0.7333       0.7333       0.7333       0.7390
 West      0.3300       0.2667       0.2667       0.2667       0.2610
