 PROGRAM  HISEA.......EXECUTION DATE: Mon Aug 18 20:03:14 2025

 Test Control File for HISEA                                                     


 FUNCTION OF THIS RUN IS.........ANALYSIS  
 #STOCKS IN THE MODEL............ 2
 THE STOCKS ARE..................East     West    
 #VARIABLES USED................. 2


 ===============================================================================


                         MEAN AND STD DEV SUMMARY OF VARIABLES

 VAR       East           West    

  1         22.930         29.240    
            (5.14)         (5.24)   

  2         24.030         29.160    
            (4.39)         (5.67)   

 ===============================================================================




 THE SIZES OF THE STANDARDS ARE    100   100

 THE MIXED SAMPLE HAS   100 FISH


 TABLE OF COMPOSITION ESTIMATES


             RAW      COOK & LORD      COOK        MILLAR      MAXIMUM
                                  CONSTRAINED  CONSTRAINED  LIKELIHOOD


 East      0.5700       0.5932       0.5932       0.5932       0.6195
 West      0.4300       0.4068       0.4068       0.4068       0.3805
