 PROGRAM  HISEA.......EXECUTION DATE: Mon Aug 18 20:04:23 2025

 Test Control File for HISEA                                                     


 FUNCTION OF THIS RUN IS.........ANALYSIS  
 #STOCKS IN THE MODEL............ 2
 THE STOCKS ARE..................East     West    
 #VARIABLES USED................. 2


 ===============================================================================


                         MEAN AND STD DEV SUMMARY OF VARIABLES

 VAR       East           West    

  1         20.070         34.310    
            (4.95)         (5.20)   

  2         20.420         33.930    
            (4.55)         (5.71)   

 ===============================================================================




 THE SIZES OF THE STANDARDS ARE    100   100

 THE MIXED SAMPLE HAS   100 FISH


 TABLE OF COMPOSITION ESTIMATES


             RAW      COOK & LORD      COOK        MILLAR      MAXIMUM
                                  CONSTRAINED  CONSTRAINED  LIKELIHOOD


 East      0.6900       0.6915       0.6915       0.6915       0.6978
 West      0.3100       0.3085       0.3085       0.3085       0.3022
