 PROGRAM  HISEA.......EXECUTION DATE: Mon Aug 18 20:02:55 2025

 Test Control File for HISEA                                                     


 FUNCTION OF THIS RUN IS.........ANALYSIS  
 #STOCKS IN THE MODEL............ 2
 THE STOCKS ARE..................East     West    
 #VARIABLES USED................. 2


 ===============================================================================


                         MEAN AND STD DEV SUMMARY OF VARIABLES

 VAR       East           West    

  1         15.620         22.340    
            (3.68)         (4.93)   

  2         15.630         22.960    
            (3.82)         (4.56)   

 ===============================================================================




 THE SIZES OF THE STANDARDS ARE    100   100

 THE MIXED SAMPLE HAS   100 FISH


 TABLE OF COMPOSITION ESTIMATES


             RAW      COOK & LORD      COOK        MILLAR      MAXIMUM
                                  CONSTRAINED  CONSTRAINED  LIKELIHOOD


 East      0.3500       0.2361       0.2361       0.2361       0.3226
 West      0.6500       0.7639       0.7639       0.7639       0.6774
