 PROGRAM  HISEA.......EXECUTION DATE: Mon Aug 18 20:02:39 2025

 Test Control File for HISEA                                                     


 FUNCTION OF THIS RUN IS.........ANALYSIS  
 #STOCKS IN THE MODEL............ 2
 THE STOCKS ARE..................East     West    
 #VARIABLES USED................. 2


 ===============================================================================


                         MEAN AND STD DEV SUMMARY OF VARIABLES

 VAR       East           West    

  1         20.290         25.250    
            (4.53)         (4.51)   

  2         19.800         24.920    
            (4.22)         (4.59)   

 ===============================================================================




 THE SIZES OF THE STANDARDS ARE    100   100

 THE MIXED SAMPLE HAS   100 FISH


 TABLE OF COMPOSITION ESTIMATES


             RAW      COOK & LORD      COOK        MILLAR      MAXIMUM
                                  CONSTRAINED  CONSTRAINED  LIKELIHOOD


 East      0.4000       0.3167       0.3167       0.3167       0.3228
 West      0.6000       0.6833       0.6833       0.6833       0.6772
