 PROGRAM  HISEA.......EXECUTION DATE: Mon Aug 18 23:47:00 2025

 Test Control File for HISEA                                                     


 FUNCTION OF THIS RUN IS.........ANALYSIS  
 #STOCKS IN THE MODEL............ 2
 THE STOCKS ARE..................East     West    
 #VARIABLES USED................. 2


 ===============================================================================


                         MEAN AND STD DEV SUMMARY OF VARIABLES

 VAR       East           West    

  1         19.000         31.550    
            (4.76)         (5.84)   

  2         18.460         30.920    
            (4.85)         (6.78)   

 ===============================================================================




 THE SIZES OF THE STANDARDS ARE    100   100

 THE MIXED SAMPLE HAS   100 FISH


 TABLE OF COMPOSITION ESTIMATES


             RAW      COOK & LORD      COOK        MILLAR      MAXIMUM
                                  CONSTRAINED  CONSTRAINED  LIKELIHOOD


 East      0.5900       0.6118       0.6118       0.6118       0.6292
 West      0.4100       0.3882       0.3882       0.3882       0.3708
