 PROGRAM  HISEA.......EXECUTION DATE: Mon Aug 18 20:05:10 2025

 Test Control File for HISEA                                                     


 FUNCTION OF THIS RUN IS.........ANALYSIS  
 #STOCKS IN THE MODEL............ 2
 THE STOCKS ARE..................East     West    
 #VARIABLES USED................. 2


 ===============================================================================


                         MEAN AND STD DEV SUMMARY OF VARIABLES

 VAR       East           West    

  1         15.610         30.180    
            (4.06)         (5.63)   

  2         15.500         30.140    
            (3.67)         (4.86)   

 ===============================================================================




 THE SIZES OF THE STANDARDS ARE    100   100

 THE MIXED SAMPLE HAS   100 FISH


 TABLE OF COMPOSITION ESTIMATES


             RAW      COOK & LORD      COOK        MILLAR      MAXIMUM
                                  CONSTRAINED  CONSTRAINED  LIKELIHOOD


 East      0.2400       0.2292       0.2292       0.2292       0.2205
 West      0.7600       0.7708       0.7708       0.7708       0.7795
