 PROGRAM  HISEA.......EXECUTION DATE: Wed Aug 13 13:08:53 2025

 Test Control File for HISEA                                                     


 FUNCTION OF THIS RUN IS.........ANALYSIS  
 #STOCKS IN THE MODEL............ 2
 THE STOCKS ARE..................East     West    
 #VARIABLES USED................. 2


 ===============================================================================


                         MEAN AND STD DEV SUMMARY OF VARIABLES

 VAR       East           West    

  1         18.080         28.390    
            (4.72)         (5.43)   

  2         17.220         29.360    
            (4.09)         (4.97)   

 ===============================================================================




 THE SIZES OF THE STANDARDS ARE    100   100

 THE MIXED SAMPLE HAS   100 FISH


 TABLE OF COMPOSITION ESTIMATES


             RAW      COOK & LORD      COOK        MILLAR      MAXIMUM
                                  CONSTRAINED  CONSTRAINED  LIKELIHOOD


 East      0.2900       0.2660       0.2660       0.2660       0.2571
 West      0.7100       0.7340       0.7340       0.7340       0.7429
