 PROGRAM  HISEA.......EXECUTION DATE: Wed Aug 13 12:55:46 2025

 Test Control File for HISEA                                                     


 FUNCTION OF THIS RUN IS.........ANALYSIS  
 #STOCKS IN THE MODEL............ 2
 THE STOCKS ARE..................East     West    
 #VARIABLES USED................. 2


 ===============================================================================


                         MEAN AND STD DEV SUMMARY OF VARIABLES

 VAR       East           West    

  1         19.790         29.690    
            (4.18)         (5.61)   

  2         19.850         29.560    
            (4.18)         (5.01)   

 ===============================================================================




 THE SIZES OF THE STANDARDS ARE    100   100

 THE MIXED SAMPLE HAS   100 FISH


 TABLE OF COMPOSITION ESTIMATES


             RAW      COOK & LORD      COOK        MILLAR      MAXIMUM
                                  CONSTRAINED  CONSTRAINED  LIKELIHOOD


 East      0.4700       0.4471       0.4471       0.4471       0.4884
 West      0.5300       0.5529       0.5529       0.5529       0.5116
