 PROGRAM  HISEA.......EXECUTION DATE: Mon Aug 18 20:02:22 2025

 Test Control File for HISEA                                                     


 FUNCTION OF THIS RUN IS.........ANALYSIS  
 #STOCKS IN THE MODEL............ 2
 THE STOCKS ARE..................East     West    
 #VARIABLES USED................. 2


 ===============================================================================


                         MEAN AND STD DEV SUMMARY OF VARIABLES

 VAR       East           West    

  1         22.580         27.910    
            (5.40)         (5.09)   

  2         22.590         27.890    
            (5.64)         (5.04)   

 ===============================================================================




 THE SIZES OF THE STANDARDS ARE    100   100

 THE MIXED SAMPLE HAS   100 FISH


 TABLE OF COMPOSITION ESTIMATES


             RAW      COOK & LORD      COOK        MILLAR      MAXIMUM
                                  CONSTRAINED  CONSTRAINED  LIKELIHOOD


 East      0.3200       0.1373       0.1373       0.1373       0.1829
 West      0.6800       0.8627       0.8627       0.8627       0.8171
