 PROGRAM  HISEA.......EXECUTION DATE: Mon Aug 18 23:48:32 2025

 Test Control File for HISEA                                                     


 FUNCTION OF THIS RUN IS.........ANALYSIS  
 #STOCKS IN THE MODEL............ 2
 THE STOCKS ARE..................East     West    
 #VARIABLES USED................. 2


 ===============================================================================


                         MEAN AND STD DEV SUMMARY OF VARIABLES

 VAR       East           West    

  1         24.660         37.490    
            (5.23)         (6.18)   

  2         25.040         38.500    
            (4.10)         (5.41)   

 ===============================================================================




 THE SIZES OF THE STANDARDS ARE    100   100

 THE MIXED SAMPLE HAS   100 FISH


 TABLE OF COMPOSITION ESTIMATES


             RAW      COOK & LORD      COOK        MILLAR      MAXIMUM
                                  CONSTRAINED  CONSTRAINED  LIKELIHOOD


 East      0.8300       0.8404       0.8404       0.8404       0.8431
 West      0.1700       0.1596       0.1596       0.1596       0.1569
