 PROGRAM  HISEA.......EXECUTION DATE: Wed Aug 13 13:06:04 2025

 Test Control File for HISEA                                                     


 FUNCTION OF THIS RUN IS.........ANALYSIS  
 #STOCKS IN THE MODEL............ 2
 THE STOCKS ARE..................East     West    
 #VARIABLES USED................. 2


 ===============================================================================


                         MEAN AND STD DEV SUMMARY OF VARIABLES

 VAR       East           West    

  1         23.390         30.870    
            (5.41)         (5.22)   

  2         24.770         31.320    
            (5.08)         (5.29)   

 ===============================================================================




 THE SIZES OF THE STANDARDS ARE    100   100

 THE MIXED SAMPLE HAS   100 FISH


 TABLE OF COMPOSITION ESTIMATES


             RAW      COOK & LORD      COOK        MILLAR      MAXIMUM
                                  CONSTRAINED  CONSTRAINED  LIKELIHOOD


 East      0.3000       0.2206       0.2206       0.2206       0.2346
 West      0.7000       0.7794       0.7794       0.7794       0.7654
