 PROGRAM  HISEA.......EXECUTION DATE: Mon Aug 18 23:51:57 2025

 Test Control File for HISEA                                                     


 FUNCTION OF THIS RUN IS.........ANALYSIS  
 #STOCKS IN THE MODEL............ 2
 THE STOCKS ARE..................East     West    
 #VARIABLES USED................. 2


 ===============================================================================


                         MEAN AND STD DEV SUMMARY OF VARIABLES

 VAR       East           West    

  1         16.580         21.590    
            (4.07)         (5.42)   

  2         16.500         21.810    
            (4.32)         (4.74)   

 ===============================================================================




 THE SIZES OF THE STANDARDS ARE    100   100

 THE MIXED SAMPLE HAS   100 FISH


 TABLE OF COMPOSITION ESTIMATES


             RAW      COOK & LORD      COOK        MILLAR      MAXIMUM
                                  CONSTRAINED  CONSTRAINED  LIKELIHOOD


 East      0.6400       0.7636       0.7636       0.7636       0.7649
 West      0.3600       0.2364       0.2364       0.2364       0.2351
