 PROGRAM  HISEA.......EXECUTION DATE: Wed Aug 13 12:56:43 2025

 Test Control File for HISEA                                                     


 FUNCTION OF THIS RUN IS.........ANALYSIS  
 #STOCKS IN THE MODEL............ 2
 THE STOCKS ARE..................East     West    
 #VARIABLES USED................. 2


 ===============================================================================


                         MEAN AND STD DEV SUMMARY OF VARIABLES

 VAR       East           West    

  1         15.820         30.000    
            (3.53)         (5.84)   

  2         16.690         30.360    
            (3.93)         (5.53)   

 ===============================================================================




 THE SIZES OF THE STANDARDS ARE    100   100

 THE MIXED SAMPLE HAS   100 FISH


 TABLE OF COMPOSITION ESTIMATES


             RAW      COOK & LORD      COOK        MILLAR      MAXIMUM
                                  CONSTRAINED  CONSTRAINED  LIKELIHOOD


 East      0.5000       0.4842       0.4842       0.4842       0.5117
 West      0.5000       0.5158       0.5158       0.5158       0.4883
