 PROGRAM  HISEA.......EXECUTION DATE: Mon Aug 18 23:46:23 2025

 Test Control File for HISEA                                                     


 FUNCTION OF THIS RUN IS.........ANALYSIS  
 #STOCKS IN THE MODEL............ 2
 THE STOCKS ARE..................East     West    
 #VARIABLES USED................. 2


 ===============================================================================


                         MEAN AND STD DEV SUMMARY OF VARIABLES

 VAR       East           West    

  1         24.270         36.160    
            (4.65)         (6.20)   

  2         24.250         35.410    
            (5.08)         (6.11)   

 ===============================================================================




 THE SIZES OF THE STANDARDS ARE    100   100

 THE MIXED SAMPLE HAS   100 FISH


 TABLE OF COMPOSITION ESTIMATES


             RAW      COOK & LORD      COOK        MILLAR      MAXIMUM
                                  CONSTRAINED  CONSTRAINED  LIKELIHOOD


 East      0.4400       0.4205       0.4205       0.4205       0.4267
 West      0.5600       0.5795       0.5795       0.5795       0.5733
