 PROGRAM  HISEA.......EXECUTION DATE: Mon Aug 18 20:00:34 2025

 Test Control File for HISEA                                                     


 FUNCTION OF THIS RUN IS.........ANALYSIS  
 #STOCKS IN THE MODEL............ 2
 THE STOCKS ARE..................East     West    
 #VARIABLES USED................. 2


 ===============================================================================


                         MEAN AND STD DEV SUMMARY OF VARIABLES

 VAR       East           West    

  1         21.530         28.240    
            (4.22)         (5.05)   

  2         21.730         29.260    
            (4.51)         (5.88)   

 ===============================================================================




 THE SIZES OF THE STANDARDS ARE    100   100

 THE MIXED SAMPLE HAS   100 FISH


 TABLE OF COMPOSITION ESTIMATES


             RAW      COOK & LORD      COOK        MILLAR      MAXIMUM
                                  CONSTRAINED  CONSTRAINED  LIKELIHOOD


 East      0.5400       0.5286       0.5286       0.5286       0.4899
 West      0.4600       0.4714       0.4714       0.4714       0.5101
