 PROGRAM  HISEA.......EXECUTION DATE: Mon Aug 18 20:02:13 2025

 Test Control File for HISEA                                                     


 FUNCTION OF THIS RUN IS.........ANALYSIS  
 #STOCKS IN THE MODEL............ 2
 THE STOCKS ARE..................East     West    
 #VARIABLES USED................. 2


 ===============================================================================


                         MEAN AND STD DEV SUMMARY OF VARIABLES

 VAR       East           West    

  1         18.630         30.260    
            (4.51)         (5.88)   

  2         18.330         30.860    
            (3.78)         (5.70)   

 ===============================================================================




 THE SIZES OF THE STANDARDS ARE    100   100

 THE MIXED SAMPLE HAS   100 FISH


 TABLE OF COMPOSITION ESTIMATES


             RAW      COOK & LORD      COOK        MILLAR      MAXIMUM
                                  CONSTRAINED  CONSTRAINED  LIKELIHOOD


 East      0.2400       0.2128       0.2128       0.2128       0.2299
 West      0.7600       0.7872       0.7872       0.7872       0.7701
