 PROGRAM  HISEA.......EXECUTION DATE: Wed Aug 13 13:13:06 2025

 Test Control File for HISEA                                                     


 FUNCTION OF THIS RUN IS.........ANALYSIS  
 #STOCKS IN THE MODEL............ 2
 THE STOCKS ARE..................East     West    
 #VARIABLES USED................. 2


 ===============================================================================


                         MEAN AND STD DEV SUMMARY OF VARIABLES

 VAR       East           West    

  1         25.000         30.240    
            (5.13)         (5.67)   

  2         24.700         30.160    
            (4.95)         (5.28)   

 ===============================================================================




 THE SIZES OF THE STANDARDS ARE    100   100

 THE MIXED SAMPLE HAS   100 FISH


 TABLE OF COMPOSITION ESTIMATES


             RAW      COOK & LORD      COOK        MILLAR      MAXIMUM
                                  CONSTRAINED  CONSTRAINED  LIKELIHOOD


 East      0.7000       0.8704       0.8704       0.8704       0.9502
 West      0.3000       0.1296       0.1296       0.1296       0.0498
