 PROGRAM  HISEA.......EXECUTION DATE: Mon Aug 18 23:48:48 2025

 Test Control File for HISEA                                                     


 FUNCTION OF THIS RUN IS.........ANALYSIS  
 #STOCKS IN THE MODEL............ 2
 THE STOCKS ARE..................East     West    
 #VARIABLES USED................. 2


 ===============================================================================


                         MEAN AND STD DEV SUMMARY OF VARIABLES

 VAR       East           West    

  1         21.920         30.040    
            (4.60)         (5.23)   

  2         21.620         30.450    
            (4.23)         (5.58)   

 ===============================================================================




 THE SIZES OF THE STANDARDS ARE    100   100

 THE MIXED SAMPLE HAS   100 FISH


 TABLE OF COMPOSITION ESTIMATES


             RAW      COOK & LORD      COOK        MILLAR      MAXIMUM
                                  CONSTRAINED  CONSTRAINED  LIKELIHOOD


 East      0.8700       0.9241       0.9241       0.9240       0.9393
 West      0.1300       0.0759       0.0759       0.0760       0.0607
