 PROGRAM  HISEA.......EXECUTION DATE: Wed Aug 13 13:04:42 2025

 Test Control File for HISEA                                                     


 FUNCTION OF THIS RUN IS.........ANALYSIS  
 #STOCKS IN THE MODEL............ 2
 THE STOCKS ARE..................East     West    
 #VARIABLES USED................. 2


 ===============================================================================


                         MEAN AND STD DEV SUMMARY OF VARIABLES

 VAR       East           West    

  1         21.800         33.090    
            (4.75)         (6.36)   

  2         21.460         33.900    
            (4.37)         (5.42)   

 ===============================================================================




 THE SIZES OF THE STANDARDS ARE    100   100

 THE MIXED SAMPLE HAS   100 FISH


 TABLE OF COMPOSITION ESTIMATES


             RAW      COOK & LORD      COOK        MILLAR      MAXIMUM
                                  CONSTRAINED  CONSTRAINED  LIKELIHOOD


 East      0.6600       0.6742       0.6742       0.6742       0.7189
 West      0.3400       0.3258       0.3258       0.3258       0.2811
