 PROGRAM  HISEA.......EXECUTION DATE: Wed Aug 13 12:53:49 2025

 Test Control File for HISEA                                                     


 FUNCTION OF THIS RUN IS.........ANALYSIS  
 #STOCKS IN THE MODEL............ 2
 THE STOCKS ARE..................East     West    
 #VARIABLES USED................. 2


 ===============================================================================


                         MEAN AND STD DEV SUMMARY OF VARIABLES

 VAR       East           West    

  1         16.270         26.760    
            (4.14)         (5.52)   

  2         16.830         27.260    
            (4.47)         (5.58)   

 ===============================================================================




 THE SIZES OF THE STANDARDS ARE    100   100

 THE MIXED SAMPLE HAS   100 FISH


 TABLE OF COMPOSITION ESTIMATES


             RAW      COOK & LORD      COOK        MILLAR      MAXIMUM
                                  CONSTRAINED  CONSTRAINED  LIKELIHOOD


 East      0.4800       0.4659       0.4659       0.4659       0.4713
 West      0.5200       0.5341       0.5341       0.5341       0.5287
