 PROGRAM  HISEA.......EXECUTION DATE: Tue Aug 12 08:48:55 2025

 Test Control File for HISEA                                                     


 FUNCTION OF THIS RUN IS.........ANALYSIS  
 #STOCKS IN THE MODEL............ 2
 THE STOCKS ARE..................East     West    
 #VARIABLES USED................. 2


 ===============================================================================


                         MEAN AND STD DEV SUMMARY OF VARIABLES

 VAR       East           West    

  1         24.100         29.150    
            (4.76)         (5.42)   

  2         24.710         28.980    
            (5.39)         (5.49)   

 ===============================================================================




 THE SIZES OF THE STANDARDS ARE    100   100

 THE MIXED SAMPLE HAS   100 FISH


 TABLE OF COMPOSITION ESTIMATES


             RAW      COOK & LORD      COOK        MILLAR      MAXIMUM
                                  CONSTRAINED  CONSTRAINED  LIKELIHOOD


 East      0.5300       0.5745       0.5745       0.5745       0.5441
 West      0.4700       0.4255       0.4255       0.4255       0.4559
