 PROGRAM  HISEA.......EXECUTION DATE: Wed Aug 13 13:14:25 2025

 Test Control File for HISEA                                                     


 FUNCTION OF THIS RUN IS.........ANALYSIS  
 #STOCKS IN THE MODEL............ 2
 THE STOCKS ARE..................East     West    
 #VARIABLES USED................. 2


 ===============================================================================


                         MEAN AND STD DEV SUMMARY OF VARIABLES

 VAR       East           West    

  1         20.310         30.010    
            (4.66)         (6.04)   

  2         20.680         30.360    
            (5.28)         (4.83)   

 ===============================================================================




 THE SIZES OF THE STANDARDS ARE    100   100

 THE MIXED SAMPLE HAS   100 FISH


 TABLE OF COMPOSITION ESTIMATES


             RAW      COOK & LORD      COOK        MILLAR      MAXIMUM
                                  CONSTRAINED  CONSTRAINED  LIKELIHOOD


 East      0.7000       0.7108       0.7108       0.7108       0.7271
 West      0.3000       0.2892       0.2892       0.2892       0.2729
