 PROGRAM  HISEA.......EXECUTION DATE: Wed Aug 13 13:16:40 2025

 Test Control File for HISEA                                                     


 FUNCTION OF THIS RUN IS.........ANALYSIS  
 #STOCKS IN THE MODEL............ 2
 THE STOCKS ARE..................East     West    
 #VARIABLES USED................. 2


 ===============================================================================


                         MEAN AND STD DEV SUMMARY OF VARIABLES

 VAR       East           West    

  1         20.550         25.350    
            (4.88)         (5.40)   

  2         20.680         25.570    
            (4.59)         (5.04)   

 ===============================================================================




 THE SIZES OF THE STANDARDS ARE    100   100

 THE MIXED SAMPLE HAS   100 FISH


 TABLE OF COMPOSITION ESTIMATES


             RAW      COOK & LORD      COOK        MILLAR      MAXIMUM
                                  CONSTRAINED  CONSTRAINED  LIKELIHOOD


 East      0.8100       1.0727       1.0000       1.0000       1.0000
 West      0.1900      -0.0727       0.0000       0.0000       0.0000
