 PROGRAM  HISEA.......EXECUTION DATE: Mon Aug 18 23:48:06 2025

 Test Control File for HISEA                                                     


 FUNCTION OF THIS RUN IS.........ANALYSIS  
 #STOCKS IN THE MODEL............ 2
 THE STOCKS ARE..................East     West    
 #VARIABLES USED................. 2


 ===============================================================================


                         MEAN AND STD DEV SUMMARY OF VARIABLES

 VAR       East           West    

  1         17.020         26.220    
            (4.17)         (4.77)   

  2         16.890         25.840    
            (4.18)         (5.06)   

 ===============================================================================




 THE SIZES OF THE STANDARDS ARE    100   100

 THE MIXED SAMPLE HAS   100 FISH


 TABLE OF COMPOSITION ESTIMATES


             RAW      COOK & LORD      COOK        MILLAR      MAXIMUM
                                  CONSTRAINED  CONSTRAINED  LIKELIHOOD


 East      0.6600       0.6860       0.6860       0.6860       0.7119
 West      0.3400       0.3140       0.3140       0.3140       0.2881
