 PROGRAM  HISEA.......EXECUTION DATE: Wed Aug 13 12:52:35 2025

 Test Control File for HISEA                                                     


 FUNCTION OF THIS RUN IS.........ANALYSIS  
 #STOCKS IN THE MODEL............ 2
 THE STOCKS ARE..................East     West    
 #VARIABLES USED................. 2


 ===============================================================================


                         MEAN AND STD DEV SUMMARY OF VARIABLES

 VAR       East           West    

  1         21.540         27.740    
            (4.49)         (5.77)   

  2         21.540         27.050    
            (5.60)         (5.40)   

 ===============================================================================




 THE SIZES OF THE STANDARDS ARE    100   100

 THE MIXED SAMPLE HAS   100 FISH


 TABLE OF COMPOSITION ESTIMATES


             RAW      COOK & LORD      COOK        MILLAR      MAXIMUM
                                  CONSTRAINED  CONSTRAINED  LIKELIHOOD


 East      0.7200       0.8627       0.8627       0.8627       1.0000
 West      0.2800       0.1373       0.1373       0.1373       0.0000
