 PROGRAM  HISEA.......EXECUTION DATE: Mon Aug 18 23:54:31 2025

 Test Control File for HISEA                                                     


 FUNCTION OF THIS RUN IS.........ANALYSIS  
 #STOCKS IN THE MODEL............ 2
 THE STOCKS ARE..................East     West    
 #VARIABLES USED................. 2


 ===============================================================================


                         MEAN AND STD DEV SUMMARY OF VARIABLES

 VAR       East           West    

  1         14.920         29.140    
            (3.97)         (5.36)   

  2         15.670         28.180    
            (4.11)         (4.87)   

 ===============================================================================




 THE SIZES OF THE STANDARDS ARE    100   100

 THE MIXED SAMPLE HAS   100 FISH


 TABLE OF COMPOSITION ESTIMATES


             RAW      COOK & LORD      COOK        MILLAR      MAXIMUM
                                  CONSTRAINED  CONSTRAINED  LIKELIHOOD


 East      0.9000       0.9355       0.9355       0.9355       0.9785
 West      0.1000       0.0645       0.0645       0.0645       0.0215
