 PROGRAM  HISEA.......EXECUTION DATE: Wed Aug 13 13:13:53 2025

 Test Control File for HISEA                                                     


 FUNCTION OF THIS RUN IS.........ANALYSIS  
 #STOCKS IN THE MODEL............ 2
 THE STOCKS ARE..................East     West    
 #VARIABLES USED................. 2


 ===============================================================================


                         MEAN AND STD DEV SUMMARY OF VARIABLES

 VAR       East           West    

  1         17.600         24.490    
            (3.98)         (4.35)   

  2         17.380         24.820    
            (3.85)         (4.91)   

 ===============================================================================




 THE SIZES OF THE STANDARDS ARE    100   100

 THE MIXED SAMPLE HAS   100 FISH


 TABLE OF COMPOSITION ESTIMATES


             RAW      COOK & LORD      COOK        MILLAR      MAXIMUM
                                  CONSTRAINED  CONSTRAINED  LIKELIHOOD


 East      0.4100       0.3117       0.3117       0.3117       0.3180
 West      0.5900       0.6883       0.6883       0.6883       0.6820
