 PROGRAM  HISEA.......EXECUTION DATE: Mon Aug 18 19:59:28 2025

 Test Control File for HISEA                                                     


 FUNCTION OF THIS RUN IS.........ANALYSIS  
 #STOCKS IN THE MODEL............ 2
 THE STOCKS ARE..................East     West    
 #VARIABLES USED................. 2


 ===============================================================================


                         MEAN AND STD DEV SUMMARY OF VARIABLES

 VAR       East           West    

  1         20.410         26.280    
            (4.57)         (4.81)   

  2         19.880         25.890    
            (4.42)         (4.61)   

 ===============================================================================




 THE SIZES OF THE STANDARDS ARE    100   100

 THE MIXED SAMPLE HAS   100 FISH


 TABLE OF COMPOSITION ESTIMATES


             RAW      COOK & LORD      COOK        MILLAR      MAXIMUM
                                  CONSTRAINED  CONSTRAINED  LIKELIHOOD


 East      0.5900       0.6087       0.6087       0.6087       0.5706
 West      0.4100       0.3913       0.3913       0.3913       0.4294
