 PROGRAM  HISEA.......EXECUTION DATE: Wed Aug 13 12:57:09 2025

 Test Control File for HISEA                                                     


 FUNCTION OF THIS RUN IS.........ANALYSIS  
 #STOCKS IN THE MODEL............ 2
 THE STOCKS ARE..................East     West    
 #VARIABLES USED................. 2


 ===============================================================================


                         MEAN AND STD DEV SUMMARY OF VARIABLES

 VAR       East           West    

  1         20.220         31.200    
            (4.33)         (5.38)   

  2         20.580         30.800    
            (5.14)         (5.58)   

 ===============================================================================




 THE SIZES OF THE STANDARDS ARE    100   100

 THE MIXED SAMPLE HAS   100 FISH


 TABLE OF COMPOSITION ESTIMATES


             RAW      COOK & LORD      COOK        MILLAR      MAXIMUM
                                  CONSTRAINED  CONSTRAINED  LIKELIHOOD


 East      0.4800       0.4713       0.4713       0.4713       0.4934
 West      0.5200       0.5287       0.5287       0.5287       0.5066
