 PROGRAM  HISEA.......EXECUTION DATE: Wed Aug 13 12:55:13 2025

 Test Control File for HISEA                                                     


 FUNCTION OF THIS RUN IS.........ANALYSIS  
 #STOCKS IN THE MODEL............ 2
 THE STOCKS ARE..................East     West    
 #VARIABLES USED................. 2


 ===============================================================================


                         MEAN AND STD DEV SUMMARY OF VARIABLES

 VAR       East           West    

  1         19.710         35.320    
            (4.28)         (5.61)   

  2         20.650         34.440    
            (4.22)         (5.62)   

 ===============================================================================




 THE SIZES OF THE STANDARDS ARE    100   100

 THE MIXED SAMPLE HAS   100 FISH


 TABLE OF COMPOSITION ESTIMATES


             RAW      COOK & LORD      COOK        MILLAR      MAXIMUM
                                  CONSTRAINED  CONSTRAINED  LIKELIHOOD


 East      0.4500       0.4433       0.4433       0.4433       0.4642
 West      0.5500       0.5567       0.5567       0.5567       0.5358
