 PROGRAM  HISEA.......EXECUTION DATE: Wed Aug 13 12:51:23 2025

 Test Control File for HISEA                                                     


 FUNCTION OF THIS RUN IS.........ANALYSIS  
 #STOCKS IN THE MODEL............ 2
 THE STOCKS ARE..................East     West    
 #VARIABLES USED................. 2


 ===============================================================================


                         MEAN AND STD DEV SUMMARY OF VARIABLES

 VAR       East           West    

  1         19.610         33.240    
            (4.52)         (6.02)   

  2         19.700         32.420    
            (4.10)         (5.51)   

 ===============================================================================




 THE SIZES OF THE STANDARDS ARE    100   100

 THE MIXED SAMPLE HAS   100 FISH


 TABLE OF COMPOSITION ESTIMATES


             RAW      COOK & LORD      COOK        MILLAR      MAXIMUM
                                  CONSTRAINED  CONSTRAINED  LIKELIHOOD


 East      0.4300       0.4211       0.4211       0.4211       0.4510
 West      0.5700       0.5789       0.5789       0.5789       0.5490
