 PROGRAM  HISEA.......EXECUTION DATE: Mon Aug 18 19:57:47 2025

 Test Control File for HISEA                                                     


 FUNCTION OF THIS RUN IS.........ANALYSIS  
 #STOCKS IN THE MODEL............ 2
 THE STOCKS ARE..................East     West    
 #VARIABLES USED................. 2


 ===============================================================================


                         MEAN AND STD DEV SUMMARY OF VARIABLES

 VAR       East           West    

  1         20.060         29.780    
            (4.89)         (5.57)   

  2         20.020         30.440    
            (4.79)         (4.80)   

 ===============================================================================




 THE SIZES OF THE STANDARDS ARE    100   100

 THE MIXED SAMPLE HAS   100 FISH


 TABLE OF COMPOSITION ESTIMATES


             RAW      COOK & LORD      COOK        MILLAR      MAXIMUM
                                  CONSTRAINED  CONSTRAINED  LIKELIHOOD


 East      0.6600       0.6867       0.6867       0.6867       0.6806
 West      0.3400       0.3133       0.3133       0.3133       0.3194
