 PROGRAM  HISEA.......EXECUTION DATE: Mon Aug 18 19:58:16 2025

 Test Control File for HISEA                                                     


 FUNCTION OF THIS RUN IS.........ANALYSIS  
 #STOCKS IN THE MODEL............ 2
 THE STOCKS ARE..................East     West    
 #VARIABLES USED................. 2


 ===============================================================================


                         MEAN AND STD DEV SUMMARY OF VARIABLES

 VAR       East           West    

  1         22.900         37.160    
            (4.06)         (5.72)   

  2         24.040         38.030    
            (4.44)         (6.11)   

 ===============================================================================




 THE SIZES OF THE STANDARDS ARE    100   100

 THE MIXED SAMPLE HAS   100 FISH


 TABLE OF COMPOSITION ESTIMATES


             RAW      COOK & LORD      COOK        MILLAR      MAXIMUM
                                  CONSTRAINED  CONSTRAINED  LIKELIHOOD


 East      0.7400       0.7447       0.7447       0.7447       0.7468
 West      0.2600       0.2553       0.2553       0.2553       0.2532
