 PROGRAM  HISEA.......EXECUTION DATE: Mon Aug 18 23:53:16 2025

 Test Control File for HISEA                                                     


 FUNCTION OF THIS RUN IS.........ANALYSIS  
 #STOCKS IN THE MODEL............ 2
 THE STOCKS ARE..................East     West    
 #VARIABLES USED................. 2


 ===============================================================================


                         MEAN AND STD DEV SUMMARY OF VARIABLES

 VAR       East           West    

  1         23.850         34.560    
            (4.37)         (5.26)   

  2         24.290         35.970    
            (5.35)         (6.55)   

 ===============================================================================




 THE SIZES OF THE STANDARDS ARE    100   100

 THE MIXED SAMPLE HAS   100 FISH


 TABLE OF COMPOSITION ESTIMATES


             RAW      COOK & LORD      COOK        MILLAR      MAXIMUM
                                  CONSTRAINED  CONSTRAINED  LIKELIHOOD


 East      0.3700       0.3488       0.3488       0.3488       0.3445
 West      0.6300       0.6512       0.6512       0.6512       0.6555
