 PROGRAM  HISEA.......EXECUTION DATE: Mon Aug 18 23:56:51 2025

 Test Control File for HISEA                                                     


 FUNCTION OF THIS RUN IS.........ANALYSIS  
 #STOCKS IN THE MODEL............ 2
 THE STOCKS ARE..................East     West    
 #VARIABLES USED................. 2


 ===============================================================================


                         MEAN AND STD DEV SUMMARY OF VARIABLES

 VAR       East           West    

  1         18.080         28.290    
            (4.81)         (5.73)   

  2         17.840         27.910    
            (4.08)         (5.04)   

 ===============================================================================




 THE SIZES OF THE STANDARDS ARE    100   100

 THE MIXED SAMPLE HAS   100 FISH


 TABLE OF COMPOSITION ESTIMATES


             RAW      COOK & LORD      COOK        MILLAR      MAXIMUM
                                  CONSTRAINED  CONSTRAINED  LIKELIHOOD


 East      0.9700       1.0222       1.0000       1.0000       0.9935
 West      0.0300      -0.0222       0.0000       0.0000       0.0065
