 PROGRAM  HISEA.......EXECUTION DATE: Wed Aug 13 13:14:52 2025

 Test Control File for HISEA                                                     


 FUNCTION OF THIS RUN IS.........ANALYSIS  
 #STOCKS IN THE MODEL............ 2
 THE STOCKS ARE..................East     West    
 #VARIABLES USED................. 2


 ===============================================================================


                         MEAN AND STD DEV SUMMARY OF VARIABLES

 VAR       East           West    

  1         21.770         27.250    
            (4.78)         (5.04)   

  2         19.760         27.310    
            (4.22)         (5.18)   

 ===============================================================================




 THE SIZES OF THE STANDARDS ARE    100   100

 THE MIXED SAMPLE HAS   100 FISH


 TABLE OF COMPOSITION ESTIMATES


             RAW      COOK & LORD      COOK        MILLAR      MAXIMUM
                                  CONSTRAINED  CONSTRAINED  LIKELIHOOD


 East      0.5700       0.5614       0.5614       0.5614       0.5816
 West      0.4300       0.4386       0.4386       0.4386       0.4184
