 PROGRAM  HISEA.......EXECUTION DATE: Mon Aug 18 23:55:53 2025

 Test Control File for HISEA                                                     


 FUNCTION OF THIS RUN IS.........ANALYSIS  
 #STOCKS IN THE MODEL............ 2
 THE STOCKS ARE..................East     West    
 #VARIABLES USED................. 2


 ===============================================================================


                         MEAN AND STD DEV SUMMARY OF VARIABLES

 VAR       East           West    

  1         16.280         25.060    
            (3.69)         (4.93)   

  2         16.090         24.710    
            (4.92)         (4.79)   

 ===============================================================================




 THE SIZES OF THE STANDARDS ARE    100   100

 THE MIXED SAMPLE HAS   100 FISH


 TABLE OF COMPOSITION ESTIMATES


             RAW      COOK & LORD      COOK        MILLAR      MAXIMUM
                                  CONSTRAINED  CONSTRAINED  LIKELIHOOD


 East      0.5300       0.5465       0.5465       0.5465       0.5697
 West      0.4700       0.4535       0.4535       0.4535       0.4303
