 PROGRAM  HISEA.......EXECUTION DATE: Wed Aug 13 12:58:13 2025

 Test Control File for HISEA                                                     


 FUNCTION OF THIS RUN IS.........ANALYSIS  
 #STOCKS IN THE MODEL............ 2
 THE STOCKS ARE..................East     West    
 #VARIABLES USED................. 2


 ===============================================================================


                         MEAN AND STD DEV SUMMARY OF VARIABLES

 VAR       East           West    

  1         16.980         24.600    
            (4.52)         (4.22)   

  2         17.590         25.220    
            (4.07)         (4.57)   

 ===============================================================================




 THE SIZES OF THE STANDARDS ARE    100   100

 THE MIXED SAMPLE HAS   100 FISH


 TABLE OF COMPOSITION ESTIMATES


             RAW      COOK & LORD      COOK        MILLAR      MAXIMUM
                                  CONSTRAINED  CONSTRAINED  LIKELIHOOD


 East      0.4600       0.4487       0.4487       0.4487       0.4898
 West      0.5400       0.5513       0.5513       0.5513       0.5102
