 PROGRAM  HISEA.......EXECUTION DATE: Wed Aug 13 13:03:29 2025

 Test Control File for HISEA                                                     


 FUNCTION OF THIS RUN IS.........ANALYSIS  
 #STOCKS IN THE MODEL............ 2
 THE STOCKS ARE..................East     West    
 #VARIABLES USED................. 2


 ===============================================================================


                         MEAN AND STD DEV SUMMARY OF VARIABLES

 VAR       East           West    

  1         20.700         30.820    
            (4.41)         (5.69)   

  2         21.750         29.490    
            (5.23)         (5.16)   

 ===============================================================================




 THE SIZES OF THE STANDARDS ARE    100   100

 THE MIXED SAMPLE HAS   100 FISH


 TABLE OF COMPOSITION ESTIMATES


             RAW      COOK & LORD      COOK        MILLAR      MAXIMUM
                                  CONSTRAINED  CONSTRAINED  LIKELIHOOD


 East      0.1900       0.1084       0.1084       0.1084       0.1267
 West      0.8100       0.8916       0.8916       0.8916       0.8733
